<?xml version="1.0" encoding="UTF-8"?>
<testng-results skipped="0" failed="0" ignored="0" total="2" passed="2">
  <reporter-output>
  </reporter-output>
  <suite name="Default suite" duration-ms="10213" started-at="2018-03-03T17:51:12Z" finished-at="2018-03-03T17:51:22Z">
    <groups>
    </groups>
    <test name="Default test" duration-ms="10213" started-at="2018-03-03T17:51:12Z" finished-at="2018-03-03T17:51:22Z">
      <class name="com.dice.FirstTest">
        <test-method status="PASS" signature="firstTestMethod()[pri:0, instance:com.dice.FirstTest@1d057a39]" name="firstTestMethod" duration-ms="7158" started-at="2018-03-03T17:51:12Z" finished-at="2018-03-03T17:51:19Z">
          <reporter-output>
          </reporter-output>
        </test-method> <!-- firstTestMethod -->
        <test-method status="PASS" signature="secondTestMethod()[pri:0, instance:com.dice.FirstTest@1d057a39]" name="secondTestMethod" duration-ms="3006" started-at="2018-03-03T17:51:19Z" finished-at="2018-03-03T17:51:22Z">
          <reporter-output>
          </reporter-output>
        </test-method> <!-- secondTestMethod -->
      </class> <!-- com.dice.FirstTest -->
    </test> <!-- Default test -->
  </suite> <!-- Default suite -->
</testng-results>
