<?xml version="1.0" encoding="UTF-8"?>
<testng-results ignored="1" total="2" passed="1" failed="0" skipped="0">
  <reporter-output>
  </reporter-output>
  <suite started-at="2018-03-03T17:58:31Z" name="FirstTestSuite" finished-at="2018-03-03T17:58:39Z" duration-ms="8811">
    <groups>
    </groups>
    <test started-at="2018-03-03T17:58:31Z" name="FirstTest" finished-at="2018-03-03T17:58:39Z" duration-ms="8811">
      <class name="com.dice.FirstTest">
        <test-method signature="firstTestMethod()[pri:0, instance:com.dice.FirstTest@59662a0b]" started-at="2018-03-03T17:58:31Z" name="firstTestMethod" finished-at="2018-03-03T17:58:39Z" duration-ms="8787" status="PASS">
          <reporter-output>
          </reporter-output>
        </test-method> <!-- firstTestMethod -->
      </class> <!-- com.dice.FirstTest -->
    </test> <!-- FirstTest -->
  </suite> <!-- FirstTestSuite -->
</testng-results>
