<?xml version="1.0" encoding="UTF-8"?>
<testng-results ignored="0" total="1" passed="1" failed="0" skipped="0">
  <reporter-output>
  </reporter-output>
  <suite started-at="2018-03-03T13:33:26Z" name="Surefire suite" finished-at="2018-03-03T13:33:33Z" duration-ms="7389">
    <groups>
    </groups>
    <test started-at="2018-03-03T13:33:26Z" name="Surefire test" finished-at="2018-03-03T13:33:33Z" duration-ms="7389">
      <class name="com.dice.FirstTest">
        <test-method signature="firstTestMethod()[pri:0, instance:com.dice.FirstTest@7880cdf3]" started-at="2018-03-03T13:33:26Z" name="firstTestMethod" finished-at="2018-03-03T13:33:33Z" duration-ms="7363" status="PASS">
          <reporter-output>
          </reporter-output>
        </test-method> <!-- firstTestMethod -->
      </class> <!-- com.dice.FirstTest -->
    </test> <!-- Surefire test -->
  </suite> <!-- Surefire suite -->
</testng-results>
